# JRE version: Java(TM) SE Runtime Environment (8.0_77-b03) (build 1.8.0_77-b03)
# Java VM: Java HotSpot(TM) 64-Bit Server VM (25.77-b03 mixed mode linux-amd64 compressed oops)
Heap:
 PSYoungGen      total 16384K, used 2477K [0x00000000ec180000, 0x00000000ed380000, 0x0000000100000000)
  eden space 15360K, 15% used [0x00000000ec180000,0x00000000ec3e3578,0x00000000ed080000)
  from space 1024K, 3% used [0x00000000ed080000,0x00000000ed088000,0x00000000ed180000)
  to   space 1536K, 0% used [0x00000000ed200000,0x00000000ed200000,0x00000000ed380000)
 ParOldGen       total 40960K, used 760K [0x00000000c4400000, 0x00000000c6c00000, 0x00000000ec180000)
  object space 40960K, 1% used [0x00000000c4400000,0x00000000c44be090,0x00000000c6c00000)
 Metaspace       used 3673K, capacity 4540K, committed 4864K, reserved 1056768K
  class space    used 403K, capacity 428K, committed 512K, reserved 1048576K
GC Heap History (10 events):
Event: 7.345 GC heap before
{Heap before GC invocations=3 (full 0):
 PSYoungGen      total 17920K, used 16192K [0x00000000ec180000, 0x00000000ed580000, 0x0000000100000000)
  eden space 15360K, 100% used [0x00000000ec180000,0x00000000ed080000,0x00000000ed080000)
  from space 2560K, 32% used [0x00000000ed300000,0x00000000ed3d0020,0x00000000ed580000)
  to   space 2560K, 0% used [0x00000000ed080000,0x00000000ed080000,0x00000000ed300000)
 ParOldGen       total 40960K, used 16K [0x00000000c4400000, 0x00000000c6c00000, 0x00000000ec180000)
  object space 40960K, 0% used [0x00000000c4400000,0x00000000c4404000,0x00000000c6c00000)
 Metaspace       used 3649K, capacity 4540K, committed 4864K, reserved 1056768K
  class space    used 400K, capacity 428K, committed 512K, reserved 1048576K
Event: 7.348 GC heap after
Heap after GC invocations=3 (full 0):
 PSYoungGen      total 17920K, used 768K [0x00000000ec180000, 0x00000000ed580000, 0x0000000100000000)
  eden space 15360K, 0% used [0x00000000ec180000,0x00000000ec180000,0x00000000ed080000)
  from space 2560K, 30% used [0x00000000ed080000,0x00000000ed140000,0x00000000ed300000)
  to   space 2560K, 0% used [0x00000000ed300000,0x00000000ed300000,0x00000000ed580000)
 ParOldGen       total 40960K, used 24K [0x00000000c4400000, 0x00000000c6c00000, 0x00000000ec180000)
  object space 40960K, 0% used [0x00000000c4400000,0x00000000c4406000,0x00000000c6c00000)
 Metaspace       used 3649K, capacity 4540K, committed 4864K, reserved 1056768K
  class space    used 400K, capacity 428K, committed 512K, reserved 1048576K
}
Event: 15.846 GC heap before
{Heap before GC invocations=4 (full 0):
 PSYoungGen      total 17920K, used 16128K [0x00000000ec180000, 0x00000000ed580000, 0x0000000100000000)
  eden space 15360K, 100% used [0x00000000ec180000,0x00000000ed080000,0x00000000ed080000)
  from space 2560K, 30% used [0x00000000ed080000,0x00000000ed140000,0x00000000ed300000)
  to   space 2560K, 0% used [0x00000000ed300000,0x00000000ed300000,0x00000000ed580000)
 ParOldGen       total 40960K, used 24K [0x00000000c4400000, 0x00000000c6c00000, 0x00000000ec180000)
  object space 40960K, 0% used [0x00000000c4400000,0x00000000c4406000,0x00000000c6c00000)
 Metaspace       used 3649K, capacity 4540K, committed 4864K, reserved 1056768K
  class space    used 400K, capacity 428K, committed 512K, reserved 1048576K
Event: 15.848 GC heap after
Heap after GC invocations=4 (full 0):
 PSYoungGen      total 17920K, used 784K [0x00000000ec180000, 0x00000000ed580000, 0x0000000100000000)
  eden space 15360K, 0% used [0x00000000ec180000,0x00000000ec180000,0x00000000ed080000)
  from space 2560K, 30% used [0x00000000ed300000,0x00000000ed3c4010,0x00000000ed580000)
  to   space 2560K, 0% used [0x00000000ed080000,0x00000000ed080000,0x00000000ed300000)
 ParOldGen       total 40960K, used 32K [0x00000000c4400000, 0x00000000c6c00000, 0x00000000ec180000)
  object space 40960K, 0% used [0x00000000c4400000,0x00000000c4408000,0x00000000c6c00000)
 Metaspace       used 3649K, capacity 4540K, committed 4864K, reserved 1056768K
  class space    used 400K, capacity 428K, committed 512K, reserved 1048576K
}
Event: 26.624 GC heap before
{Heap before GC invocations=5 (full 0):
 PSYoungGen      total 17920K, used 16144K [0x00000000ec180000, 0x00000000ed580000, 0x0000000100000000)
  eden space 15360K, 100% used [0x00000000ec180000,0x00000000ed080000,0x00000000ed080000)
  from space 2560K, 30% used [0x00000000ed300000,0x00000000ed3c4010,0x00000000ed580000)
  to   space 2560K, 0% used [0x00000000ed080000,0x00000000ed080000,0x00000000ed300000)
 ParOldGen       total 40960K, used 32K [0x00000000c4400000, 0x00000000c6c00000, 0x00000000ec180000)
  object space 40960K, 0% used [0x00000000c4400000,0x00000000c4408000,0x00000000c6c00000)
 Metaspace       used 3649K, capacity 4540K, committed 4864K, reserved 1056768K
  class space    used 400K, capacity 428K, committed 512K, reserved 1048576K
Event: 26.635 GC heap after
Heap after GC invocations=5 (full 0):
 PSYoungGen      total 16384K, used 736K [0x00000000ec180000, 0x00000000ed380000, 0x0000000100000000)
  eden space 15360K, 0% used [0x00000000ec180000,0x00000000ec180000,0x00000000ed080000)
  from space 1024K, 71% used [0x00000000ed080000,0x00000000ed138000,0x00000000ed180000)
  to   space 1024K, 0% used [0x00000000ed280000,0x00000000ed280000,0x00000000ed380000)
 ParOldGen       total 40960K, used 32K [0x00000000c4400000, 0x00000000c6c00000, 0x00000000ec180000)
  object space 40960K, 0% used [0x00000000c4400000,0x00000000c4408000,0x00000000c6c00000)
 Metaspace       used 3649K, capacity 4540K, committed 4864K, reserved 1056768K
  class space    used 400K, capacity 428K, committed 512K, reserved 1048576K
}
Event: 41.509 GC heap before
{Heap before GC invocations=6 (full 0):
 PSYoungGen      total 16384K, used 16096K [0x00000000ec180000, 0x00000000ed380000, 0x0000000100000000)
  eden space 15360K, 100% used [0x00000000ec180000,0x00000000ed080000,0x00000000ed080000)
  from space 1024K, 71% used [0x00000000ed080000,0x00000000ed138000,0x00000000ed180000)
  to   space 1024K, 0% used [0x00000000ed280000,0x00000000ed280000,0x00000000ed380000)
 ParOldGen       total 40960K, used 32K [0x00000000c4400000, 0x00000000c6c00000, 0x00000000ec180000)
  object space 40960K, 0% used [0x00000000c4400000,0x00000000c4408000,0x00000000c6c00000)
 Metaspace       used 3649K, capacity 4540K, committed 4864K, reserved 1056768K
  class space    used 400K, capacity 428K, committed 512K, reserved 1048576K
Event: 41.515 GC heap after
Heap after GC invocations=6 (full 0):
 PSYoungGen      total 16384K, used 784K [0x00000000ec180000, 0x00000000ed380000, 0x0000000100000000)
  eden space 15360K, 0% used [0x00000000ec180000,0x00000000ec180000,0x00000000ed080000)
  from space 1024K, 76% used [0x00000000ed280000,0x00000000ed344010,0x00000000ed380000)
  to   space 1024K, 0% used [0x00000000ed080000,0x00000000ed080000,0x00000000ed180000)
 ParOldGen       total 40960K, used 32K [0x00000000c4400000, 0x00000000c6c00000, 0x00000000ec180000)
  object space 40960K, 0% used [0x00000000c4400000,0x00000000c4408000,0x00000000c6c00000)
 Metaspace       used 3649K, capacity 4540K, committed 4864K, reserved 1056768K
  class space    used 400K, capacity 428K, committed 512K, reserved 1048576K
}
Event: 65.995 GC heap before
{Heap before GC invocations=7 (full 0):
 PSYoungGen      total 16384K, used 16144K [0x00000000ec180000, 0x00000000ed380000, 0x0000000100000000)
  eden space 15360K, 100% used [0x00000000ec180000,0x00000000ed080000,0x00000000ed080000)
  from space 1024K, 76% used [0x00000000ed280000,0x00000000ed344010,0x00000000ed380000)
  to   space 1024K, 0% used [0x00000000ed080000,0x00000000ed080000,0x00000000ed180000)
 ParOldGen       total 40960K, used 32K [0x00000000c4400000, 0x00000000c6c00000, 0x00000000ec180000)
  object space 40960K, 0% used [0x00000000c4400000,0x00000000c4408000,0x00000000c6c00000)
 Metaspace       used 3649K, capacity 4540K, committed 4864K, reserved 1056768K
  class space    used 400K, capacity 428K, committed 512K, reserved 1048576K
Event: 65.997 GC heap after
Heap after GC invocations=7 (full 0):
 PSYoungGen      total 16384K, used 32K [0x00000000ec180000, 0x00000000ed380000, 0x0000000100000000)
  eden space 15360K, 0% used [0x00000000ec180000,0x00000000ec180000,0x00000000ed080000)
  from space 1024K, 3% used [0x00000000ed080000,0x00000000ed088000,0x00000000ed180000)
  to   space 1536K, 0% used [0x00000000ed200000,0x00000000ed200000,0x00000000ed380000)
 ParOldGen       total 40960K, used 760K [0x00000000c4400000, 0x00000000c6c00000, 0x00000000ec180000)
  object space 40960K, 1% used [0x00000000c4400000,0x00000000c44be090,0x00000000c6c00000)
 Metaspace       used 3649K, capacity 4540K, committed 4864K, reserved 1056768K
  class space    used 400K, capacity 428K, committed 512K, reserved 1048576K
}

